1615747034970	geckodriver	INFO	Listening on 127.0.0.1:65062
1615747037983	mozrunner::runner	INFO	Running command: "C:\\Program Files\\Mozilla Firefox\\firefox.exe" "--marionette" "-foreground" "-no-remote" "-profile" "C:\\Users\\CA81~1\\AppData\\Local\\Temp\\rust_mozprofilePa21g4"
console.warn: SearchSettings: "get: No settings file exists, new profile?" (new Error("", "(unknown module)"))
1615747039860	Marionette	INFO	Listening on port 65070
1615747040012	Marionette	WARN	TLS certificate errors will be ignored for this session
JavaScript error: resource://activity-stream/lib/ASRouter.jsm, line 988: NS_ERROR_ILLEGAL_VALUE: Component returned failure code: 0x80070057 (NS_ERROR_ILLEGAL_VALUE) [nsIObserverService.removeObserver]
console.error: services.settings: 
  main/fxmonitor-breaches Signature failed  TypeError: NetworkError when attempting to fetch resource.
console.error: services.settings: 
  main/message-groups Signature failed  TypeError: NetworkError when attempting to fetch resource.
1615747049998	Marionette	INFO	Stopped listening on port 65070

###!!! [Child][RunMessage] Error: Channel closing: too late to send/recv, messages will be lost

1615747530404	geckodriver	INFO	Listening on 127.0.0.1:65362
1615747533441	mozrunner::runner	INFO	Running command: "C:\\Program Files\\Mozilla Firefox\\firefox.exe" "--marionette" "-foreground" "-no-remote" "-profile" "C:\\Users\\CA81~1\\AppData\\Local\\Temp\\rust_mozprofileZkpO0e"
console.warn: SearchSettings: "get: No settings file exists, new profile?" (new Error("", "(unknown module)"))
1615747535333	Marionette	INFO	Listening on port 65371
1615747535467	Marionette	WARN	TLS certificate errors will be ignored for this session
1615747544517	Marionette	INFO	Stopped listening on port 65371

###!!! [Child][RunMessage] Error: Channel closing: too late to send/recv, messages will be lost

1615755879674	geckodriver	INFO	Listening on 127.0.0.1:52383
1615755882689	mozrunner::runner	INFO	Running command: "C:\\Program Files\\Mozilla Firefox\\firefox.exe" "--marionette" "-foreground" "-no-remote" "-profile" "C:\\Users\\CA81~1\\AppData\\Local\\Temp\\rust_mozprofile2kx056"
console.warn: SearchSettings: "get: No settings file exists, new profile?" (new Error("", "(unknown module)"))
1615755884492	Marionette	INFO	Listening on port 52391
1615755884714	Marionette	WARN	TLS certificate errors will be ignored for this session
1615758761187	Marionette	INFO	Stopped listening on port 52391
1615802869856	geckodriver	INFO	Listening on 127.0.0.1:57756
1615802872901	mozrunner::runner	INFO	Running command: "C:\\Program Files\\Mozilla Firefox\\firefox.exe" "--marionette" "-foreground" "-no-remote" "-profile" "C:\\Users\\CA81~1\\AppData\\Local\\Temp\\rust_mozprofilei43cBB"
console.warn: SearchSettings: "get: No settings file exists, new profile?" (new Error("", "(unknown module)"))
1615802875376	Marionette	INFO	Listening on port 57764
1615802875539	Marionette	WARN	TLS certificate errors will be ignored for this session
JavaScript error: resource:///modules/UrlbarInput.jsm, line 2854: TypeError: event.target.closest is not a function
1615802884435	Marionette	INFO	Stopped listening on port 57764

###!!! [Child][RunMessage] Error: Channel closing: too late to send/recv, messages will be lost

1615802913602	geckodriver	INFO	Listening on 127.0.0.1:57819
1615802916638	mozrunner::runner	INFO	Running command: "C:\\Program Files\\Mozilla Firefox\\firefox.exe" "--marionette" "-foreground" "-no-remote" "-profile" "C:\\Users\\CA81~1\\AppData\\Local\\Temp\\rust_mozprofilelHvNw3"
console.warn: SearchSettings: "get: No settings file exists, new profile?" (new Error("", "(unknown module)"))
1615802918544	Marionette	INFO	Listening on port 57827
1615802918663	Marionette	WARN	TLS certificate errors will be ignored for this session
1615802925681	Marionette	INFO	Stopped listening on port 57827

###!!! [Child][RunMessage] Error: Channel closing: too late to send/recv, messages will be lost

1615802979734	geckodriver	INFO	Listening on 127.0.0.1:57872
1615802982768	mozrunner::runner	INFO	Running command: "C:\\Program Files\\Mozilla Firefox\\firefox.exe" "--marionette" "-foreground" "-no-remote" "-profile" "C:\\Users\\CA81~1\\AppData\\Local\\Temp\\rust_mozprofile5trPXF"
console.warn: SearchSettings: "get: No settings file exists, new profile?" (new Error("", "(unknown module)"))
1615802984469	Marionette	INFO	Listening on port 57881
1615802984793	Marionette	WARN	TLS certificate errors will be ignored for this session
1615802989711	Marionette	INFO	Stopped listening on port 57881

###!!! [Child][RunMessage] Error: Channel closing: too late to send/recv, messages will be lost

1615803030259	geckodriver	INFO	Listening on 127.0.0.1:57928
1615803033285	mozrunner::runner	INFO	Running command: "C:\\Program Files\\Mozilla Firefox\\firefox.exe" "--marionette" "-foreground" "-no-remote" "-profile" "C:\\Users\\CA81~1\\AppData\\Local\\Temp\\rust_mozprofileVbzTqV"
console.warn: SearchSettings: "get: No settings file exists, new profile?" (new Error("", "(unknown module)"))
1615803035022	Marionette	INFO	Listening on port 57936
1615803035321	Marionette	WARN	TLS certificate errors will be ignored for this session
1615803036749	Marionette	INFO	Stopped listening on port 57936

###!!! [Child][RunMessage] Error: Channel closing: too late to send/recv, messages will be lost

1615803071454	geckodriver	INFO	Listening on 127.0.0.1:57976
1615803074490	mozrunner::runner	INFO	Running command: "C:\\Program Files\\Mozilla Firefox\\firefox.exe" "--marionette" "-foreground" "-no-remote" "-profile" "C:\\Users\\CA81~1\\AppData\\Local\\Temp\\rust_mozprofileBjdXcz"
console.warn: SearchSettings: "get: No settings file exists, new profile?" (new Error("", "(unknown module)"))
1615803076314	Marionette	INFO	Listening on port 57984
1615803076517	Marionette	WARN	TLS certificate errors will be ignored for this session
JavaScript error: resource://gre/actors/AutoCompleteChild.jsm, line 125: Error: Invalid autocomplete selectedIndex
1615803079107	Marionette	INFO	Stopped listening on port 57984

###!!! [Child][RunMessage] Error: Channel closing: too late to send/recv, messages will be lost

1615803128436	geckodriver	INFO	Listening on 127.0.0.1:58029
1615803131472	mozrunner::runner	INFO	Running command: "C:\\Program Files\\Mozilla Firefox\\firefox.exe" "--marionette" "-foreground" "-no-remote" "-profile" "C:\\Users\\CA81~1\\AppData\\Local\\Temp\\rust_mozprofileL3pvIi"
console.warn: SearchSettings: "get: No settings file exists, new profile?" (new Error("", "(unknown module)"))
1615803133350	Marionette	INFO	Listening on port 58037
1615803133502	Marionette	WARN	TLS certificate errors will be ignored for this session
JavaScript error: resource://gre/actors/AutoCompleteChild.jsm, line 125: Error: Invalid autocomplete selectedIndex
1615803136956	Marionette	INFO	Stopped listening on port 58037

###!!! [Child][RunMessage] Error: Channel closing: too late to send/recv, messages will be lost

1615803277601	geckodriver	INFO	Listening on 127.0.0.1:58084
1615803280636	mozrunner::runner	INFO	Running command: "C:\\Program Files\\Mozilla Firefox\\firefox.exe" "--marionette" "-foreground" "-no-remote" "-profile" "C:\\Users\\CA81~1\\AppData\\Local\\Temp\\rust_mozprofileiwSg2u"
console.warn: SearchSettings: "get: No settings file exists, new profile?" (new Error("", "(unknown module)"))
1615803282479	Marionette	INFO	Listening on port 58092
1615803282665	Marionette	WARN	TLS certificate errors will be ignored for this session
JavaScript error: resource://gre/actors/AutoCompleteChild.jsm, line 125: Error: Invalid autocomplete selectedIndex
1615803286583	Marionette	INFO	Stopped listening on port 58092

###!!! [Child][RunMessage] Error: Channel closing: too late to send/recv, messages will be lost

1615803355441	geckodriver	INFO	Listening on 127.0.0.1:58150
1615803358467	mozrunner::runner	INFO	Running command: "C:\\Program Files\\Mozilla Firefox\\firefox.exe" "--marionette" "-foreground" "-no-remote" "-profile" "C:\\Users\\CA81~1\\AppData\\Local\\Temp\\rust_mozprofileIHSpmF"
console.warn: SearchSettings: "get: No settings file exists, new profile?" (new Error("", "(unknown module)"))
1615803360173	Marionette	INFO	Listening on port 58158
1615803360499	Marionette	WARN	TLS certificate errors will be ignored for this session
JavaScript error: resource://gre/actors/AutoCompleteChild.jsm, line 125: Error: Invalid autocomplete selectedIndex
JavaScript error: resource://gre/actors/AutoCompleteChild.jsm, line 125: Error: Invalid autocomplete selectedIndex
1615803377604	Marionette	INFO	Stopped listening on port 58158

###!!! [Child][RunMessage] Error: Channel closing: too late to send/recv, messages will be lost

1615803843329	geckodriver	INFO	Listening on 127.0.0.1:58230
1615803846375	mozrunner::runner	INFO	Running command: "C:\\Program Files\\Mozilla Firefox\\firefox.exe" "--marionette" "-foreground" "-no-remote" "-profile" "C:\\Users\\CA81~1\\AppData\\Local\\Temp\\rust_mozprofilehLBelo"
console.warn: SearchSettings: "get: No settings file exists, new profile?" (new Error("", "(unknown module)"))
1615803848224	Marionette	INFO	Listening on port 58238
1615803848403	Marionette	WARN	TLS certificate errors will be ignored for this session
JavaScript error: resource://gre/actors/AutoCompleteChild.jsm, line 125: Error: Invalid autocomplete selectedIndex
1615803859407	Marionette	INFO	Stopped listening on port 58238

###!!! [Child][RunMessage] Error: Channel closing: too late to send/recv, messages will be lost

1615804066503	geckodriver	INFO	Listening on 127.0.0.1:58290
1615804069548	mozrunner::runner	INFO	Running command: "C:\\Program Files\\Mozilla Firefox\\firefox.exe" "--marionette" "-foreground" "-no-remote" "-profile" "C:\\Users\\CA81~1\\AppData\\Local\\Temp\\rust_mozprofile1OoFqE"
console.warn: SearchSettings: "get: No settings file exists, new profile?" (new Error("", "(unknown module)"))
1615804071355	Marionette	INFO	Listening on port 58298
1615804071577	Marionette	WARN	TLS certificate errors will be ignored for this session
JavaScript error: resource://gre/actors/AutoCompleteChild.jsm, line 125: Error: Invalid autocomplete selectedIndex
1615804076805	Marionette	INFO	Stopped listening on port 58298

###!!! [Child][RunMessage] Error: Channel closing: too late to send/recv, messages will be lost

1615804633706	geckodriver	INFO	Listening on 127.0.0.1:58389
1615804636750	mozrunner::runner	INFO	Running command: "C:\\Program Files\\Mozilla Firefox\\firefox.exe" "--marionette" "-foreground" "-no-remote" "-profile" "C:\\Users\\CA81~1\\AppData\\Local\\Temp\\rust_mozprofilegyteHZ"
console.warn: SearchSettings: "get: No settings file exists, new profile?" (new Error("", "(unknown module)"))
1615804638598	Marionette	INFO	Listening on port 58397
1615804638780	Marionette	WARN	TLS certificate errors will be ignored for this session
JavaScript error: resource://gre/actors/AutoCompleteChild.jsm, line 125: Error: Invalid autocomplete selectedIndex
1615804642698	Marionette	INFO	Stopped listening on port 58397

###!!! [Child][RunMessage] Error: Channel closing: too late to send/recv, messages will be lost

1615813076734	geckodriver	INFO	Listening on 127.0.0.1:59422
1615813079780	mozrunner::runner	INFO	Running command: "C:\\Program Files\\Mozilla Firefox\\firefox.exe" "--marionette" "-foreground" "-no-remote" "-profile" "C:\\Users\\CA81~1\\AppData\\Local\\Temp\\rust_mozprofile79oLCV"
console.warn: SearchSettings: "get: No settings file exists, new profile?" (new Error("", "(unknown module)"))
1615813081712	Marionette	INFO	Listening on port 59430
1615813081806	Marionette	WARN	TLS certificate errors will be ignored for this session
JavaScript error: resource://gre/actors/AutoCompleteChild.jsm, line 125: Error: Invalid autocomplete selectedIndex
1615813085851	Marionette	INFO	Stopped listening on port 59430

###!!! [Child][RunMessage] Error: Channel closing: too late to send/recv, messages will be lost

1615813110587	geckodriver	INFO	Listening on 127.0.0.1:59477
1615813113633	mozrunner::runner	INFO	Running command: "C:\\Program Files\\Mozilla Firefox\\firefox.exe" "--marionette" "-foreground" "-no-remote" "-profile" "C:\\Users\\CA81~1\\AppData\\Local\\Temp\\rust_mozprofileO50tFJ"
console.warn: SearchSettings: "get: No settings file exists, new profile?" (new Error("", "(unknown module)"))
1615813115423	Marionette	INFO	Listening on port 59485
1615813115665	Marionette	WARN	TLS certificate errors will be ignored for this session
JavaScript error: resource://gre/actors/AutoCompleteChild.jsm, line 125: Error: Invalid autocomplete selectedIndex
1615816124292	Marionette	INFO	Stopped listening on port 59485

###!!! [Child][RunMessage] Error: Channel closing: too late to send/recv, messages will be lost

"--marionette" "-foreground" "-no-remote" "-profile" "C:\\Users\\CA81~1\\AppData\\Local\\Temp\\rust_mozprofileZM6ynb"
console.warn: SearchSettings: "get: No settings file exists, new profile?" (new Error("", "(unknown module)"))
1615813381627	Marionette	INFO	Listening on port 59577
1615813381671	Marionette	WARN	TLS certificate errors will be ignored for this session
JavaScript error: resource://gre/actors/AutoCompleteChild.jsm, line 125: Error: Invalid autocomplete selectedIndex
1615813384497	Marionette	INFO	Stopped listening on port 59577

###!!! [Child][RunMessage] Error: Channel closing: too late to send/recv, messages will be lost

1615813511508	geckodriver	INFO	Listening on 127.0.0.1:59630
1615813514553	mozrunner::runner	INFO	Running command: "C:\\Program Files\\Mozilla Firefox\\firefox.exe" "--marionette" "-foreground" "-no-remote" "-profile" "C:\\Users\\CA81~1\\AppData\\Local\\Temp\\rust_mozprofilep66E6q"
console.warn: SearchSettings: "get: No settings file exists, new profile?" (new Error("", "(unknown module)"))
1615813516387	Marionette	INFO	Listening on port 59638
1615813516581	Marionette	WARN	TLS certificate errors will be ignored for this session
JavaScript error: resource://gre/actors/AutoCompleteChild.jsm, line 125: Error: Invalid autocomplete selectedIndex
1615813522456	Marionette	INFO	Stopped listening on port 59638

###!!! [Child][RunMessage] Error: Channel closing: too late to send/recv, messages will be lost

1615814139189	geckodriver	INFO	Listening on 127.0.0.1:59708
1615814142225	mozrunner::runner	INFO	Running command: "C:\\Program Files\\Mozilla Firefox\\firefox.exe" "--marionette" "-foreground" "-no-remote" "-profile" "C:\\Users\\CA81~1\\AppData\\Local\\Temp\\rust_mozprofilefsEZAH"
console.warn: SearchSettings: "get: No settings file exists, new profile?" (new Error("", "(unknown module)"))
1615814143977	Marionette	INFO	Listening on port 59716
1615814144263	Marionette	WARN	TLS certificate errors will be ignored for this session
1615816123654	Marionette	INFO	Stopped listening on port 59716

###!!! [Child][RunMessage] Error: Channel closing: too late to send/recv, messages will be lost

"--marionette" "-foreground" "-no-remote" "-profile" "C:\\Users\\CA81~1\\AppData\\Local\\Temp\\rust_mozprofileeLyKjg"
console.warn: SearchSettings: "get: No settings file exists, new profile?" (new Error("", "(unknown module)"))
1615814360226	Marionette	INFO	Listening on port 59785
1615814360351	Marionette	WARN	TLS certificate errors will be ignored for this session
JavaScript error: resource://gre/actors/AutoCompleteChild.jsm, line 125: Error: Invalid autocomplete selectedIndex
1615814363145	Marionette	INFO	Stopped listening on port 59785

###!!! [Child][RunMessage] Error: Channel closing: too late to send/recv, messages will be lost

1615970714092	geckodriver	INFO	Listening on 127.0.0.1:59035
1615970717125	mozrunner::runner	INFO	Running command: "C:\\Program Files\\Mozilla Firefox\\firefox.exe" "--marionette" "-foreground" "-no-remote" "-profile" "C:\\Users\\CA81~1\\AppData\\Local\\Temp\\rust_mozprofileLshJFi"
console.warn: SearchSettings: "get: No settings file exists, new profile?" (new Error("", "(unknown module)"))
1615970719468	Marionette	INFO	Listening on port 59043
1615970719765	Marionette	WARN	TLS certificate errors will be ignored for this session
1615970914015	Marionette	INFO	Stopped listening on port 59043

###!!! [Child][RunMessage] Error: Channel closing: too late to send/recv, messages will be lost

"--marionette" "-foreground" "-no-remote" "-profile" "C:\\Users\\CA81~1\\AppData\\Local\\Temp\\rust_mozprofileoMDSDV"
console.warn: SearchSettings: "get: No settings file exists, new profile?" (new Error("", "(unknown module)"))
1615970867188	Marionette	INFO	Listening on port 59102
1615970867361	Marionette	WARN	TLS certificate errors will be ignored for this session
JavaScript error: resource://gre/actors/AutoCompleteChild.jsm, line 125: Error: Invalid autocomplete selectedIndex
JavaScript error: resource://gre/actors/AutoCompleteChild.jsm, line 125: Error: Invalid autocomplete selectedIndex
JavaScript error: resource://gre/actors/AutoCompleteChild.jsm, line 125: Error: Invalid autocomplete selectedIndex
JavaScript error: resource://gre/modules/LoginManagerChild.jsm, line 190: NS_ERROR_XPC_JAVASCRIPT_ERROR_WITH_DETAILS: [JavaScript Error: "Invalid autocomplete selectedIndex" {file: "resource://gre/actors/AutoCompleteChild.jsm" line: 125}]'[JavaScript Error: "Invalid autocomplete selectedIndex" {file: "resource://gre/actors/AutoCompleteChild.jsm" line: 125}]' when calling method: [nsIAutoCompletePopup::selectedIndex]
1615970872191	Marionette	INFO	Stopped listening on port 59102

###!!! [Child][RunMessage] Error: Channel closing: too late to send/recv, messages will be lost

1615970910406	geckodriver	INFO	Listening on 127.0.0.1:59154
1615970913422	mozrunner::runner	INFO	Running command: "C:\\Program Files\\Mozilla Firefox\\firefox.exe" "--marionette" "-foreground" "-no-remote" "-profile" "C:\\Users\\CA81~1\\AppData\\Local\\Temp\\rust_mozprofilegZksAc"
console.warn: SearchSettings: "get: No settings file exists, new profile?" (new Error("", "(unknown module)"))
1615970915247	Marionette	INFO	Listening on port 59162
1615970915448	Marionette	WARN	TLS certificate errors will be ignored for this session
JavaScript error: resource://gre/actors/AutoCompleteChild.jsm, line 125: Error: Invalid autocomplete selectedIndex
JavaScript error: resource://gre/actors/AutoCompleteChild.jsm, line 125: Error: Invalid autocomplete selectedIndex
JavaScript error: resource://gre/actors/AutoCompleteChild.jsm, line 125: Error: Invalid autocomplete selectedIndex
JavaScript error: resource://gre/modules/LoginManagerChild.jsm, line 190: NS_ERROR_XPC_JAVASCRIPT_ERROR_WITH_DETAILS: [JavaScript Error: "Invalid autocomplete selectedIndex" {file: "resource://gre/actors/AutoCompleteChild.jsm" line: 125}]'[JavaScript Error: "Invalid autocomplete selectedIndex" {file: "resource://gre/actors/AutoCompleteChild.jsm" line: 125}]' when calling method: [nsIAutoCompletePopup::selectedIndex]
1615970922120	Marionette	INFO	Stopped listening on port 59162

###!!! [Child][RunMessage] Error: Channel closing: too late to send/recv, messages will be lost

1615970935646	geckodriver	INFO	Listening on 127.0.0.1:59210
1615970938690	mozrunner::runner	INFO	Running command: "C:\\Program Files\\Mozilla Firefox\\firefox.exe" "--marionette" "-foreground" "-no-remote" "-profile" "C:\\Users\\CA81~1\\AppData\\Local\\Temp\\rust_mozprofileM1RDQM"
console.warn: SearchSettings: "get: No settings file exists, new profile?" (new Error("", "(unknown module)"))
1615970940511	Marionette	INFO	Listening on port 59218
1615970940717	Marionette	WARN	TLS certificate errors will be ignored for this session
JavaScript error: resource://gre/actors/AutoCompleteChild.jsm, line 125: Error: Invalid autocomplete selectedIndex
JavaScript error: resource://gre/actors/AutoCompleteChild.jsm, line 125: Error: Invalid autocomplete selectedIndex
JavaScript error: resource://gre/actors/AutoCompleteChild.jsm, line 125: Error: Invalid autocomplete selectedIndex
JavaScript error: resource://gre/modules/LoginManagerChild.jsm, line 190: NS_ERROR_XPC_JAVASCRIPT_ERROR_WITH_DETAILS: [JavaScript Error: "Invalid autocomplete selectedIndex" {file: "resource://gre/actors/AutoCompleteChild.jsm" line: 125}]'[JavaScript Error: "Invalid autocomplete selectedIndex" {file: "resource://gre/actors/AutoCompleteChild.jsm" line: 125}]' when calling method: [nsIAutoCompletePopup::selectedIndex]
1615970943998	Marionette	INFO	Stopped listening on port 59218

###!!! [Child][RunMessage] Error: Channel closing: too late to send/recv, messages will be lost

1616003713704	geckodriver	INFO	Listening on 127.0.0.1:56633
1616003716728	mozrunner::runner	INFO	Running command: "C:\\Program Files\\Mozilla Firefox\\firefox.exe" "--marionette" "-foreground" "-no-remote" "-profile" "C:\\Users\\CA81~1\\AppData\\Local\\Temp\\rust_mozprofile63Cg1R"
console.warn: SearchSettings: "get: No settings file exists, new profile?" (new Error("", "(unknown module)"))
1616003719243	Marionette	INFO	Listening on port 56641
1616003719365	Marionette	WARN	TLS certificate errors will be ignored for this session
JavaScript error: resource://gre/actors/AutoCompleteChild.jsm, line 125: Error: Invalid autocomplete selectedIndex
1616003723742	Marionette	INFO	Stopped listening on port 56641

###!!! [Child][RunMessage] Error: Channel closing: too late to send/recv, messages will be lost

1616004334754	geckodriver	INFO	Listening on 127.0.0.1:56704
1616004337796	mozrunner::runner	INFO	Running command: "C:\\Program Files\\Mozilla Firefox\\firefox.exe" "--marionette" "-foreground" "-no-remote" "-profile" "C:\\Users\\CA81~1\\AppData\\Local\\Temp\\rust_mozprofile3Hssis"
console.warn: SearchSettings: "get: No settings file exists, new profile?" (new Error("", "(unknown module)"))
1616004339665	Marionette	INFO	Listening on port 56714
1616004339823	Marionette	WARN	TLS certificate errors will be ignored for this session
JavaScript error: resource://gre/actors/AutoCompleteChild.jsm, line 125: Error: Invalid autocomplete selectedIndex
1616004342085	Marionette	INFO	Stopped listening on port 56714

###!!! [Child][RunMessage] Error: Channel closing: too late to send/recv, messages will be lost

1616005203919	geckodriver	INFO	Listening on 127.0.0.1:56846
1616005206960	mozrunner::runner	INFO	Running command: "C:\\Program Files\\Mozilla Firefox\\firefox.exe" "--marionette" "-foreground" "-no-remote" "-profile" "C:\\Users\\CA81~1\\AppData\\Local\\Temp\\rust_mozprofile4J7j59"
console.warn: SearchSettings: "get: No settings file exists, new profile?" (new Error("", "(unknown module)"))
1616005208864	Marionette	INFO	Listening on port 56854
1616005208988	Marionette	WARN	TLS certificate errors will be ignored for this session
1616005209078	Marionette	INFO	Stopped listening on port 56854
JavaScript error: resource://activity-stream/lib/ASRouter.jsm, line 988: NS_ERROR_ILLEGAL_VALUE: Component returned failure code: 0x80070057 (NS_ERROR_ILLEGAL_VALUE) [nsIObserverService.removeObserver]
console.error: services.settings: 
  main/fxmonitor-breaches Signature failed  Error: Shutdown, aborting read-only worker requests.
console.error: services.settings: 
  main/message-groups Signature failed  Error: Shutdown, aborting read-only worker requests.
JavaScript error: , line 0: AbortError: A request was aborted, for example through a call to IDBTransaction.abort.

###!!! [Child][RunMessage] Error: Channel closing: too late to send/recv, messages will be lost

1616005209558	geckodriver	INFO	Listening on 127.0.0.1:56879
1616005212599	mozrunner::runner	INFO	Running command: "C:\\Program Files\\Mozilla Firefox\\firefox.exe" "--marionette" "-foreground" "-no-remote" "-profile" "C:\\Users\\CA81~1\\AppData\\Local\\Temp\\rust_mozprofileGkjzO6"
console.warn: SearchSettings: "get: No settings file exists, new profile?" (new Error("", "(unknown module)"))
1616005214304	Marionette	INFO	Listening on port 56887
1616005214632	Marionette	WARN	TLS certificate errors will be ignored for this session
1616005214796	Marionette	INFO	Stopped listening on port 56887
JavaScript error: resource://activity-stream/lib/ASRouter.jsm, line 988: NS_ERROR_ILLEGAL_VALUE: Component returned failure code: 0x80070057 (NS_ERROR_ILLEGAL_VALUE) [nsIObserverService.removeObserver]

###!!! [Child][RunMessage] Error: Channel closing: too late to send/recv, messages will be lost

1616005215267	geckodriver	INFO	Listening on 127.0.0.1:56914
1616005218297	mozrunner::runner	INFO	Running command: "C:\\Program Files\\Mozilla Firefox\\firefox.exe" "--marionette" "-foreground" "-no-remote" "-profile" "C:\\Users\\CA81~1\\AppData\\Local\\Temp\\rust_mozprofileZOtBWm"
console.warn: SearchSettings: "get: No settings file exists, new profile?" (new Error("", "(unknown module)"))
1616005220098	Marionette	INFO	Listening on port 56922
1616005220329	Marionette	WARN	TLS certificate errors will be ignored for this session
JavaScript error: resource://gre/actors/AutoCompleteChild.jsm, line 125: Error: Invalid autocomplete selectedIndex
1616005220976	Marionette	INFO	Stopped listening on port 56922
JavaScript error: resource://activity-stream/lib/ASRouter.jsm, line 988: NS_ERROR_ILLEGAL_VALUE: Component returned failure code: 0x80070057 (NS_ERROR_ILLEGAL_VALUE) [nsIObserverService.removeObserver]

###!!! [Child][RunMessage] Error: Channel closing: too late to send/recv, messages will be lost

1616011671918	geckodriver	INFO	Listening on 127.0.0.1:57715
1616011674925	mozrunner::runner	INFO	Running command: "C:\\Program Files\\Mozilla Firefox\\firefox.exe" "--marionette" "-foreground" "-no-remote" "-profile" "C:\\Users\\CA81~1\\AppData\\Local\\Temp\\rust_mozprofileMjZbgX"
console.warn: SearchSettings: "get: No settings file exists, new profile?" (new Error("", "(unknown module)"))
1616011677481	Marionette	INFO	Listening on port 57723
1616011677568	Marionette	WARN	TLS certificate errors will be ignored for this session
1616011677708	Marionette	INFO	Stopped listening on port 57723
JavaScript error: resource://activity-stream/lib/ASRouter.jsm, line 988: NS_ERROR_ILLEGAL_VALUE: Component returned failure code: 0x80070057 (NS_ERROR_ILLEGAL_VALUE) [nsIObserverService.removeObserver]

###!!! [Child][RunMessage] Error: Channel closing: too late to send/recv, messages will be lost

1616011678183	geckodriver	INFO	Listening on 127.0.0.1:57748
1616011681205	mozrunner::runner	INFO	Running command: "C:\\Program Files\\Mozilla Firefox\\firefox.exe" "--marionette" "-foreground" "-no-remote" "-profile" "C:\\Users\\CA81~1\\AppData\\Local\\Temp\\rust_mozprofilePmilkU"
console.warn: SearchSettings: "get: No settings file exists, new profile?" (new Error("", "(unknown module)"))
1616011682966	Marionette	INFO	Listening on port 57756
1616011683235	Marionette	WARN	TLS certificate errors will be ignored for this session
1616011683375	Marionette	INFO	Stopped listening on port 57756
JavaScript error: resource://activity-stream/lib/ASRouter.jsm, line 988: NS_ERROR_ILLEGAL_VALUE: Component returned failure code: 0x80070057 (NS_ERROR_ILLEGAL_VALUE) [nsIObserverService.removeObserver]

###!!! [Child][RunMessage] Error: Channel closing: too late to send/recv, messages will be lost

1616011683843	geckodriver	INFO	Listening on 127.0.0.1:57780
1616011686884	mozrunner::runner	INFO	Running command: "C:\\Program Files\\Mozilla Firefox\\firefox.exe" "--marionette" "-foreground" "-no-remote" "-profile" "C:\\Users\\CA81~1\\AppData\\Local\\Temp\\rust_mozprofileVeRQBU"
console.warn: SearchSettings: "get: No settings file exists, new profile?" (new Error("", "(unknown module)"))
1616011688756	Marionette	INFO	Listening on port 57788
1616011688911	Marionette	WARN	TLS certificate errors will be ignored for this session
JavaScript error: resource://gre/actors/AutoCompleteChild.jsm, line 125: Error: Invalid autocomplete selectedIndex
1616011689557	Marionette	INFO	Stopped listening on port 57788
JavaScript error: resource://activity-stream/lib/ASRouter.jsm, line 988: NS_ERROR_ILLEGAL_VALUE: Component returned failure code: 0x80070057 (NS_ERROR_ILLEGAL_VALUE) [nsIObserverService.removeObserver]

###!!! [Child][RunMessage] Error: Channel closing: too late to send/recv, messages will be lost

1616425010121	geckodriver	INFO	Listening on 127.0.0.1:61463
1616425013159	mozrunner::runner	INFO	Running command: "C:\\Program Files\\Mozilla Firefox\\firefox.exe" "--marionette" "-foreground" "-no-remote" "-profile" "C:\\Users\\CA81~1\\AppData\\Local\\Temp\\rust_mozprofileyUW8dm"
console.warn: SearchSettings: "get: No settings file exists, new profile?" (new Error("", "(unknown module)"))
1616425015623	Marionette	INFO	Listening on port 61471
1616425015795	Marionette	WARN	TLS certificate errors will be ignored for this session
1616425015878	Marionette	INFO	Stopped listening on port 61471
JavaScript error: resource://activity-stream/lib/ASRouter.jsm, line 988: NS_ERROR_ILLEGAL_VALUE: Component returned failure code: 0x80070057 (NS_ERROR_ILLEGAL_VALUE) [nsIObserverService.removeObserver]
console.error: Region.jsm: "Error fetching region" (new TypeError("NetworkError when attempting to fetch resource.", ""))
console.error: Region.jsm: "Failed to fetch region" (new Error("NO_RESULT", "resource://gre/modules/Region.jsm", 422))
console.warn: services.settings: main/partitioning-exempt-urls sync interrupted by shutdown
console.error: services.settings: 
  main/cfr-fxa Signature failed  TypeError: NetworkError when attempting to fetch resource.

###!!! [Child][RunMessage] Error: Channel closing: too late to send/recv, messages will be lost

1616425016380	geckodriver	INFO	Listening on 127.0.0.1:61497
1616425019401	mozrunner::runner	INFO	Running command: "C:\\Program Files\\Mozilla Firefox\\firefox.exe" "--marionette" "-foreground" "-no-remote" "-profile" "C:\\Users\\CA81~1\\AppData\\Local\\Temp\\rust_mozprofileNX3blY"
console.warn: SearchSettings: "get: No settings file exists, new profile?" (new Error("", "(unknown module)"))
1616425021196	Marionette	INFO	Listening on port 61507
1616425021429	Marionette	WARN	TLS certificate errors will be ignored for this session
1616425021582	Marionette	INFO	Stopped listening on port 61507
JavaScript error: resource://activity-stream/lib/ASRouter.jsm, line 988: NS_ERROR_ILLEGAL_VALUE: Component returned failure code: 0x80070057 (NS_ERROR_ILLEGAL_VALUE) [nsIObserverService.removeObserver]
console.error: services.settings: 
  main/partitioning-exempt-urls Signature failed  TypeError: NetworkError when attempting to fetch resource.
[Parent 13872, IPC I/O Parent] WARNING: file /builds/worker/checkouts/gecko/ipc/chromium/src/base/process_util_win.cc:167

###!!! [Child][RunMessage] Error: Channel closing: too late to send/recv, messages will be lost

1616425022064	geckodriver	INFO	Listening on 127.0.0.1:61534
1616425025094	mozrunner::runner	INFO	Running command: "C:\\Program Files\\Mozilla Firefox\\firefox.exe" "--marionette" "-foreground" "-no-remote" "-profile" "C:\\Users\\CA81~1\\AppData\\Local\\Temp\\rust_mozprofileqmkINm"
console.warn: SearchSettings: "get: No settings file exists, new profile?" (new Error("", "(unknown module)"))
1616425026912	Marionette	INFO	Listening on port 61542
1616425027126	Marionette	WARN	TLS certificate errors will be ignored for this session
JavaScript error: resource://gre/actors/AutoCompleteChild.jsm, line 125: Error: Invalid autocomplete selectedIndex
1616425037381	Marionette	INFO	Stopped listening on port 61542

###!!! [Child][RunMessage] Error: Channel closing: too late to send/recv, messages will be lost

1616425252371	geckodriver	INFO	Listening on 127.0.0.1:61603
1616425255394	mozrunner::runner	INFO	Running command: "C:\\Program Files\\Mozilla Firefox\\firefox.exe" "--marionette" "-foreground" "-no-remote" "-profile" "C:\\Users\\CA81~1\\AppData\\Local\\Temp\\rust_mozprofilej04NtZ"
console.warn: SearchSettings: "get: No settings file exists, new profile?" (new Error("", "(unknown module)"))
1616425257256	Marionette	INFO	Listening on port 61611
1616425257422	Marionette	WARN	TLS certificate errors will be ignored for this session
JavaScript error: resource://gre/actors/AutoCompleteChild.jsm, line 125: Error: Invalid autocomplete selectedIndex
1616425267666	Marionette	INFO	Stopped listening on port 61611

###!!! [Child][RunMessage] Error: Channel closing: too late to send/recv, messages will be lost

1616425268166	geckodriver	INFO	Listening on 127.0.0.1:61659
1616425271187	mozrunner::runner	INFO	Running command: "C:\\Program Files\\Mozilla Firefox\\firefox.exe" "--marionette" "-foreground" "-no-remote" "-profile" "C:\\Users\\CA81~1\\AppData\\Local\\Temp\\rust_mozprofileq4nosd"
console.warn: SearchSettings: "get: No settings file exists, new profile?" (new Error("", "(unknown module)"))
1616425272918	Marionette	INFO	Listening on port 61667
1616425273215	Marionette	WARN	TLS certificate errors will be ignored for this session
1616425273367	Marionette	INFO	Stopped listening on port 61667
JavaScript error: resource://activity-stream/lib/ASRouter.jsm, line 988: NS_ERROR_ILLEGAL_VALUE: Component returned failure code: 0x80070057 (NS_ERROR_ILLEGAL_VALUE) [nsIObserverService.removeObserver]
console.warn: services.settings: main/partitioning-exempt-urls sync interrupted by shutdown

###!!! [Child][RunMessage] Error: Channel closing: too late to send/recv, messages will be lost

1616425273845	geckodriver	INFO	Listening on 127.0.0.1:61694
1616425276887	mozrunner::runner	INFO	Running command: "C:\\Program Files\\Mozilla Firefox\\firefox.exe" "--marionette" "-foreground" "-no-remote" "-profile" "C:\\Users\\CA81~1\\AppData\\Local\\Temp\\rust_mozprofilexDABMc"
console.warn: SearchSettings: "get: No settings file exists, new profile?" (new Error("", "(unknown module)"))
1616425278708	Marionette	INFO	Listening on port 61702
1616425278916	Marionette	WARN	TLS certificate errors will be ignored for this session
JavaScript error: resource://gre/actors/AutoCompleteChild.jsm, line 125: Error: Invalid autocomplete selectedIndex
1616425289170	Marionette	INFO	Stopped listening on port 61702

###!!! [Child][RunMessage] Error: Channel closing: too late to send/recv, messages will be lost

1616426181337	geckodriver	INFO	Listening on 127.0.0.1:62780
1616426184349	mozrunner::runner	INFO	Running command: "C:\\Program Files\\Mozilla Firefox\\firefox.exe" "--marionette" "-foreground" "-no-remote" "-profile" "C:\\Users\\CA81~1\\AppData\\Local\\Temp\\rust_mozprofileiv91Nt"
console.warn: SearchSettings: "get: No settings file exists, new profile?" (new Error("", "(unknown module)"))
1616426186233	Marionette	INFO	Listening on port 62788
1616426186379	Marionette	WARN	TLS certificate errors will be ignored for this session
1616426186485	Marionette	INFO	Stopped listening on port 62788
JavaScript error: resource://activity-stream/lib/ASRouter.jsm, line 988: NS_ERROR_ILLEGAL_VALUE: Component returned failure code: 0x80070057 (NS_ERROR_ILLEGAL_VALUE) [nsIObserverService.removeObserver]

###!!! [Child][RunMessage] Error: Channel closing: too late to send/recv, messages will be lost

1616426186960	geckodriver	INFO	Listening on 127.0.0.1:62814
1616426189980	mozrunner::runner	INFO	Running command: "C:\\Program Files\\Mozilla Firefox\\firefox.exe" "--marionette" "-foreground" "-no-remote" "-profile" "C:\\Users\\CA81~1\\AppData\\Local\\Temp\\rust_mozprofileWEvLsc"
console.warn: SearchSettings: "get: No settings file exists, new profile?" (new Error("", "(unknown module)"))
1616426191855	Marionette	INFO	Listening on port 62825
1616426192009	Marionette	WARN	TLS certificate errors will be ignored for this session
1616426192156	Marionette	INFO	Stopped listening on port 62825
JavaScript error: resource://activity-stream/lib/ASRouter.jsm, line 988: NS_ERROR_ILLEGAL_VALUE: Component returned failure code: 0x80070057 (NS_ERROR_ILLEGAL_VALUE) [nsIObserverService.removeObserver]
console.warn: services.settings: main/partitioning-exempt-urls sync interrupted by shutdown
console.warn: services.settings: main/cfr sync interrupted by shutdown

###!!! [Child][RunMessage] Error: Channel closing: too late to send/recv, messages will be lost

1616426192640	geckodriver	INFO	Listening on 127.0.0.1:62850
1616426195670	mozrunner::runner	INFO	Running command: "C:\\Program Files\\Mozilla Firefox\\firefox.exe" "--marionette" "-foreground" "-no-remote" "-profile" "C:\\Users\\CA81~1\\AppData\\Local\\Temp\\rust_mozprofileHsXz7r"
console.warn: SearchSettings: "get: No settings file exists, new profile?" (new Error("", "(unknown module)"))
1616426197271	Marionette	INFO	Listening on port 62858
1616426197696	Marionette	WARN	TLS certificate errors will be ignored for this session
1616426197765	Marionette	INFO	Stopped listening on port 62858
JavaScript error: resource://activity-stream/lib/ASRouter.jsm, line 988: NS_ERROR_ILLEGAL_VALUE: Component returned failure code: 0x80070057 (NS_ERROR_ILLEGAL_VALUE) [nsIObserverService.removeObserver]
console.error: services.settings: 
  main/fxmonitor-breaches Signature failed  TypeError: NetworkError when attempting to fetch resource.
console.error: services.settings: 
  main/message-groups Signature failed  TypeError: NetworkError when attempting to fetch resource.

###!!! [Child][RunMessage] Error: Channel closing: too late to send/recv, messages will be lost

1616426984965	geckodriver	INFO	Listening on 127.0.0.1:62914
1616426987976	mozrunner::runner	INFO	Running command: "C:\\Program Files\\Mozilla Firefox\\firefox.exe" "--marionette" "-foreground" "-no-remote" "-profile" "C:\\Users\\CA81~1\\AppData\\Local\\Temp\\rust_mozprofilerXXAC9"
console.warn: SearchSettings: "get: No settings file exists, new profile?" (new Error("", "(unknown module)"))
1616426989898	Marionette	INFO	Listening on port 62922
1616426990005	Marionette	WARN	TLS certificate errors will be ignored for this session
1616426990094	Marionette	INFO	Stopped listening on port 62922
JavaScript error: resource://activity-stream/lib/ASRouter.jsm, line 988: NS_ERROR_ILLEGAL_VALUE: Component returned failure code: 0x80070057 (NS_ERROR_ILLEGAL_VALUE) [nsIObserverService.removeObserver]
console.error: services.settings: 
  main/message-groups Signature failed  TypeError: NetworkError when attempting to fetch resource.
console.error: services.settings: 
  main/fxmonitor-breaches Signature failed  TypeError: NetworkError when attempting to fetch resource.
console.error: Region.jsm: "Error fetching region" (new TypeError("NetworkError when attempting to fetch resource.", ""))
console.error: Region.jsm: "Failed to fetch region" (new Error("NO_RESULT", "resource://gre/modules/Region.jsm", 422))

###!!! [Child][RunMessage] Error: Channel closing: too late to send/recv, messages will be lost

1616426990579	geckodriver	INFO	Listening on 127.0.0.1:62946
1616426993601	mozrunner::runner	INFO	Running command: "C:\\Program Files\\Mozilla Firefox\\firefox.exe" "--marionette" "-foreground" "-no-remote" "-profile" "C:\\Users\\CA81~1\\AppData\\Local\\Temp\\rust_mozprofiler5xf86"
console.warn: SearchSettings: "get: No settings file exists, new profile?" (new Error("", "(unknown module)"))
1616426995434	Marionette	INFO	Listening on port 62954
1616426995626	Marionette	WARN	TLS certificate errors will be ignored for this session
1616426995778	Marionette	INFO	Stopped listening on port 62954
JavaScript error: resource://activity-stream/lib/ASRouter.jsm, line 988: NS_ERROR_ILLEGAL_VALUE: Component returned failure code: 0x80070057 (NS_ERROR_ILLEGAL_VALUE) [nsIObserverService.removeObserver]
console.warn: services.settings: main/partitioning-exempt-urls sync interrupted by shutdown
console.error: services.settings: 
  main/fxmonitor-breaches Signature failed  TypeError: NetworkError when attempting to fetch resource.
console.error: services.settings: 
  main/message-groups Signature failed  TypeError: NetworkError when attempting to fetch resource.

###!!! [Child][RunMessage] Error: Channel closing: too late to send/recv, messages will be lost

1616426996254	geckodriver	INFO	Listening on 127.0.0.1:62980
1616426999276	mozrunner::runner	INFO	Running command: "C:\\Program Files\\Mozilla Firefox\\firefox.exe" "--marionette" "-foreground" "-no-remote" "-profile" "C:\\Users\\CA81~1\\AppData\\Local\\Temp\\rust_mozprofilejggMh6"
console.warn: SearchSettings: "get: No settings file exists, new profile?" (new Error("", "(unknown module)"))
1616427001100	Marionette	INFO	Listening on port 62988
1616427001302	Marionette	WARN	TLS certificate errors will be ignored for this session
1616427001371	Marionette	INFO	Stopped listening on port 62988
JavaScript error: resource://activity-stream/lib/ASRouter.jsm, line 988: NS_ERROR_ILLEGAL_VALUE: Component returned failure code: 0x80070057 (NS_ERROR_ILLEGAL_VALUE) [nsIObserverService.removeObserver]
console.warn: services.settings: main/partitioning-exempt-urls sync interrupted by shutdown
console.error: services.settings: 
  main/fxmonitor-breaches Signature failed  TypeError: NetworkError when attempting to fetch resource.
console.error: services.settings: 
  main/message-groups Signature failed  TypeError: NetworkError when attempting to fetch resource.

###!!! [Child][RunMessage] Error: Channel closing: too late to send/recv, messages will be lost

1616427483111	geckodriver	INFO	Listening on 127.0.0.1:63153
1616427486121	mozrunner::runner	INFO	Running command: "C:\\Program Files\\Mozilla Firefox\\firefox.exe" "--marionette" "-foreground" "-no-remote" "-profile" "C:\\Users\\CA81~1\\AppData\\Local\\Temp\\rust_mozprofileczx8bN"
console.warn: SearchSettings: "get: No settings file exists, new profile?" (new Error("", "(unknown module)"))
1616427487935	Marionette	INFO	Listening on port 63161
1616427488149	Marionette	WARN	TLS certificate errors will be ignored for this session
1616427488237	Marionette	INFO	Stopped listening on port 63161
JavaScript error: resource://activity-stream/lib/ASRouter.jsm, line 988: NS_ERROR_ILLEGAL_VALUE: Component returned failure code: 0x80070057 (NS_ERROR_ILLEGAL_VALUE) [nsIObserverService.removeObserver]
console.warn: services.settings: main/cfr sync interrupted by shutdown

###!!! [Child][RunMessage] Error: Channel closing: too late to send/recv, messages will be lost

1616427488715	geckodriver	INFO	Listening on 127.0.0.1:63190
1616427491726	mozrunner::runner	INFO	Running command: "C:\\Program Files\\Mozilla Firefox\\firefox.exe" "--marionette" "-foreground" "-no-remote" "-profile" "C:\\Users\\CA81~1\\AppData\\Local\\Temp\\rust_mozprofilePch7pw"
console.warn: SearchSettings: "get: No settings file exists, new profile?" (new Error("", "(unknown module)"))
1616427493604	Marionette	INFO	Listening on port 63201
1616427493758	Marionette	WARN	TLS certificate errors will be ignored for this session
1616427493932	Marionette	INFO	Stopped listening on port 63201
JavaScript error: resource://activity-stream/lib/ASRouter.jsm, line 988: NS_ERROR_ILLEGAL_VALUE: Component returned failure code: 0x80070057 (NS_ERROR_ILLEGAL_VALUE) [nsIObserverService.removeObserver]
console.error: services.settings: 
  main/partitioning-exempt-urls Signature failed  TypeError: NetworkError when attempting to fetch resource.

###!!! [Child][RunMessage] Error: Channel closing: too late to send/recv, messages will be lost

1616427494405	geckodriver	INFO	Listening on 127.0.0.1:63227
1616427497419	mozrunner::runner	INFO	Running command: "C:\\Program Files\\Mozilla Firefox\\firefox.exe" "--marionette" "-foreground" "-no-remote" "-profile" "C:\\Users\\CA81~1\\AppData\\Local\\Temp\\rust_mozprofilenLVwLG"
console.warn: SearchSettings: "get: No settings file exists, new profile?" (new Error("", "(unknown module)"))
1616427499353	Marionette	INFO	Listening on port 63235
1616427499445	Marionette	WARN	TLS certificate errors will be ignored for this session
1616427499536	Marionette	INFO	Stopped listening on port 63235
JavaScript error: resource://activity-stream/lib/ASRouter.jsm, line 988: NS_ERROR_ILLEGAL_VALUE: Component returned failure code: 0x80070057 (NS_ERROR_ILLEGAL_VALUE) [nsIObserverService.removeObserver]
1616427642895	geckodriver	INFO	Listening on 127.0.0.1:63317
1616427645929	mozrunner::runner	INFO	Running command: "C:\\Program Files\\Mozilla Firefox\\firefox.exe" "--marionette" "-foreground" "-no-remote" "-profile" "C:\\Users\\CA81~1\\AppData\\Local\\Temp\\rust_mozprofilepiXstp"
console.warn: SearchSettings: "get: No settings file exists, new profile?" (new Error("", "(unknown module)"))
1616427647688	Marionette	INFO	Listening on port 63325
1616427647953	Marionette	WARN	TLS certificate errors will be ignored for this session
1616427648048	Marionette	INFO	Stopped listening on port 63325
JavaScript error: resource://activity-stream/lib/ASRouter.jsm, line 988: NS_ERROR_ILLEGAL_VALUE: Component returned failure code: 0x80070057 (NS_ERROR_ILLEGAL_VALUE) [nsIObserverService.removeObserver]
console.error: services.settings: 
  main/fxmonitor-breaches Signature failed  TypeError: NetworkError when attempting to fetch resource.
console.error: services.settings: 
  main/message-groups Signature failed  TypeError: NetworkError when attempting to fetch resource.

###!!! [Child][RunMessage] Error: Channel closing: too late to send/recv, messages will be lost

1616427648528	geckodriver	INFO	Listening on 127.0.0.1:63351
1616427651548	mozrunner::runner	INFO	Running command: "C:\\Program Files\\Mozilla Firefox\\firefox.exe" "--marionette" "-foreground" "-no-remote" "-profile" "C:\\Users\\CA81~1\\AppData\\Local\\Temp\\rust_mozprofileVrtiyj"
console.warn: SearchSettings: "get: No settings file exists, new profile?" (new Error("", "(unknown module)"))
1616427653268	Marionette	INFO	Listening on port 63359
1616427653574	Marionette	WARN	TLS certificate errors will be ignored for this session
1616427653725	Marionette	INFO	Stopped listening on port 63359
JavaScript error: resource://activity-stream/lib/ASRouter.jsm, line 988: NS_ERROR_ILLEGAL_VALUE: Component returned failure code: 0x80070057 (NS_ERROR_ILLEGAL_VALUE) [nsIObserverService.removeObserver]
console.warn: services.settings: main/partitioning-exempt-urls sync interrupted by shutdown
[Parent 16620, IPC I/O Parent] WARNING: file /builds/worker/checkouts/gecko/ipc/chromium/src/base/process_util_win.cc:167

###!!! [Child][RunMessage] Error: Channel closing: too late to send/recv, messages will be lost

1616427654202	geckodriver	INFO	Listening on 127.0.0.1:63390
1616427657224	mozrunner::runner	INFO	Running command: "C:\\Program Files\\Mozilla Firefox\\firefox.exe" "--marionette" "-foreground" "-no-remote" "-profile" "C:\\Users\\CA81~1\\AppData\\Local\\Temp\\rust_mozprofilejLYTZM"
console.warn: SearchSettings: "get: No settings file exists, new profile?" (new Error("", "(unknown module)"))
1616427659020	Marionette	INFO	Listening on port 63398
1616427659249	Marionette	WARN	TLS certificate errors will be ignored for this session
1616427659337	Marionette	INFO	Stopped listening on port 63398
JavaScript error: resource://activity-stream/lib/ASRouter.jsm, line 988: NS_ERROR_ILLEGAL_VALUE: Component returned failure code: 0x80070057 (NS_ERROR_ILLEGAL_VALUE) [nsIObserverService.removeObserver]

###!!! [Child][RunMessage] Error: Channel closing: too late to send/recv, messages will be lost

1616480180137	geckodriver	INFO	Listening on 127.0.0.1:59693
1616480183093	mozrunner::runner	INFO	Running command: "C:\\Program Files\\Mozilla Firefox\\firefox.exe" "--marionette" "-foreground" "-no-remote" "-profile" "C:\\Users\\CA81~1\\AppData\\Local\\Temp\\rust_mozprofileTL0naL"
console.warn: SearchSettings: "get: No settings file exists, new profile?" (new Error("", "(unknown module)"))
1616480185580	Marionette	INFO	Listening on port 59701
1616480185729	Marionette	WARN	TLS certificate errors will be ignored for this session
1616480185846	Marionette	INFO	Stopped listening on port 59701
JavaScript error: resource://activity-stream/lib/ASRouter.jsm, line 988: NS_ERROR_ILLEGAL_VALUE: Component returned failure code: 0x80070057 (NS_ERROR_ILLEGAL_VALUE) [nsIObserverService.removeObserver]
console.error: services.settings: 
  main/message-groups Signature failed  TypeError: NetworkError when attempting to fetch resource.
console.error: services.settings: 
  main/fxmonitor-breaches Signature failed  TypeError: NetworkError when attempting to fetch resource.

###!!! [Child][RunMessage] Error: Channel closing: too late to send/recv, messages will be lost

1616480186318	geckodriver	INFO	Listening on 127.0.0.1:59727
1616480189360	mozrunner::runner	INFO	Running command: "C:\\Program Files\\Mozilla Firefox\\firefox.exe" "--marionette" "-foreground" "-no-remote" "-profile" "C:\\Users\\CA81~1\\AppData\\Local\\Temp\\rust_mozprofileD3gmLw"
console.warn: SearchSettings: "get: No settings file exists, new profile?" (new Error("", "(unknown module)"))
1616480191182	Marionette	INFO	Listening on port 59735
1616480191387	Marionette	WARN	TLS certificate errors will be ignored for this session
1616480191537	Marionette	INFO	Stopped listening on port 59735
JavaScript error: resource://activity-stream/lib/ASRouter.jsm, line 988: NS_ERROR_ILLEGAL_VALUE: Component returned failure code: 0x80070057 (NS_ERROR_ILLEGAL_VALUE) [nsIObserverService.removeObserver]
console.warn: services.settings: main/partitioning-exempt-urls sync interrupted by shutdown
console.error: services.settings: 
  main/message-groups Signature failed  TypeError: NetworkError when attempting to fetch resource.
console.error: services.settings: 
  main/fxmonitor-breaches Signature failed  TypeError: NetworkError when attempting to fetch resource.

###!!! [Child][RunMessage] Error: Channel closing: too late to send/recv, messages will be lost

1616480192011	geckodriver	INFO	Listening on 127.0.0.1:59763
1616480195032	mozrunner::runner	INFO	Running command: "C:\\Program Files\\Mozilla Firefox\\firefox.exe" "--marionette" "-foreground" "-no-remote" "-profile" "C:\\Users\\CA81~1\\AppData\\Local\\Temp\\rust_mozprofile7yQnUi"
console.warn: SearchSettings: "get: No settings file exists, new profile?" (new Error("", "(unknown module)"))
1616480196868	Marionette	INFO	Listening on port 59771
1616480197061	Marionette	WARN	TLS certificate errors will be ignored for this session
1616480197128	Marionette	INFO	Stopped listening on port 59771
JavaScript error: resource://activity-stream/lib/ASRouter.jsm, line 988: NS_ERROR_ILLEGAL_VALUE: Component returned failure code: 0x80070057 (NS_ERROR_ILLEGAL_VALUE) [nsIObserverService.removeObserver]
console.warn: services.settings: main/partitioning-exempt-urls sync interrupted by shutdown
console.error: services.settings: 
  main/fxmonitor-breaches Signature failed  TypeError: NetworkError when attempting to fetch resource.
console.error: services.settings: 
  main/message-groups Signature failed  TypeError: NetworkError when attempting to fetch resource.

###!!! [Child][RunMessage] Error: Channel closing: too late to send/recv, messages will be lost

1616480835394	geckodriver	INFO	Listening on 127.0.0.1:59820
1616480838407	mozrunner::runner	INFO	Running command: "C:\\Program Files\\Mozilla Firefox\\firefox.exe" "--marionette" "-foreground" "-no-remote" "-profile" "C:\\Users\\CA81~1\\AppData\\Local\\Temp\\rust_mozprofilebn9bzL"
console.warn: SearchSettings: "get: No settings file exists, new profile?" (new Error("", "(unknown module)"))
1616480840137	Marionette	INFO	Listening on port 59828
1616480840434	Marionette	WARN	TLS certificate errors will be ignored for this session
1616480840533	Marionette	INFO	Stopped listening on port 59828
JavaScript error: resource://activity-stream/lib/ASRouter.jsm, line 988: NS_ERROR_ILLEGAL_VALUE: Component returned failure code: 0x80070057 (NS_ERROR_ILLEGAL_VALUE) [nsIObserverService.removeObserver]
console.error: services.settings: 
  main/fxmonitor-breaches Signature failed  TypeError: NetworkError when attempting to fetch resource.
console.error: services.settings: 
  main/message-groups Signature failed  TypeError: NetworkError when attempting to fetch resource.

###!!! [Child][RunMessage] Error: Channel closing: too late to send/recv, messages will be lost

1616480841007	geckodriver	INFO	Listening on 127.0.0.1:59854
1616480844048	mozrunner::runner	INFO	Running command: "C:\\Program Files\\Mozilla Firefox\\firefox.exe" "--marionette" "-foreground" "-no-remote" "-profile" "C:\\Users\\CA81~1\\AppData\\Local\\Temp\\rust_mozprofilej3oQGE"
console.warn: SearchSettings: "get: No settings file exists, new profile?" (new Error("", "(unknown module)"))
1616480845896	Marionette	INFO	Listening on port 59862
1616480846076	Marionette	WARN	TLS certificate errors will be ignored for this session
1616480846160	Marionette	INFO	Stopped listening on port 59862
JavaScript error: resource://activity-stream/lib/ASRouter.jsm, line 988: NS_ERROR_ILLEGAL_VALUE: Component returned failure code: 0x80070057 (NS_ERROR_ILLEGAL_VALUE) [nsIObserverService.removeObserver]
console.error: services.settings: 
  main/message-groups Signature failed  TypeError: NetworkError when attempting to fetch resource.
console.error: services.settings: 
  main/fxmonitor-breaches Signature failed  TypeError: NetworkError when attempting to fetch resource.

###!!! [Child][RunMessage] Error: Channel closing: too late to send/recv, messages will be lost

1616482801952	geckodriver	INFO	Listening on 127.0.0.1:60008
1616482804983	mozrunner::runner	INFO	Running command: "C:\\Program Files\\Mozilla Firefox\\firefox.exe" "--marionette" "-foreground" "-no-remote" "-profile" "C:\\Users\\CA81~1\\AppData\\Local\\Temp\\rust_mozprofilefkwOni"
console.warn: SearchSettings: "get: No settings file exists, new profile?" (new Error("", "(unknown module)"))
1616482806851	Marionette	INFO	Listening on port 60016
1616482807008	Marionette	WARN	TLS certificate errors will be ignored for this session
1616482807146	Marionette	INFO	Stopped listening on port 60016
JavaScript error: resource://activity-stream/lib/ASRouter.jsm, line 988: NS_ERROR_ILLEGAL_VALUE: Component returned failure code: 0x80070057 (NS_ERROR_ILLEGAL_VALUE) [nsIObserverService.removeObserver]
console.warn: services.settings: main/partitioning-exempt-urls sync interrupted by shutdown

###!!! [Child][RunMessage] Error: Channel closing: too late to send/recv, messages will be lost

1616482808054	geckodriver	INFO	Listening on 127.0.0.1:60044
1616482811097	mozrunner::runner	INFO	Running command: "C:\\Program Files\\Mozilla Firefox\\firefox.exe" "--marionette" "-foreground" "-no-remote" "-profile" "C:\\Users\\CA81~1\\AppData\\Local\\Temp\\rust_mozprofilexNWlUn"
console.warn: SearchSettings: "get: No settings file exists, new profile?" (new Error("", "(unknown module)"))
1616482812774	Marionette	INFO	Listening on port 60052
1616482813125	Marionette	WARN	TLS certificate errors will be ignored for this session
1616482813191	Marionette	INFO	Stopped listening on port 60052
JavaScript error: resource://activity-stream/lib/ASRouter.jsm, line 988: NS_ERROR_ILLEGAL_VALUE: Component returned failure code: 0x80070057 (NS_ERROR_ILLEGAL_VALUE) [nsIObserverService.removeObserver]
console.error: services.settings: 
  main/message-groups Signature failed  TypeError: NetworkError when attempting to fetch resource.
console.error: services.settings: 
  main/fxmonitor-breaches Signature failed  TypeError: NetworkError when attempting to fetch resource.
console.warn: services.settings: main/partitioning-exempt-urls sync interrupted by shutdown

###!!! [Child][RunMessage] Error: Channel closing: too late to send/recv, messages will be lost

1616482813688	geckodriver	INFO	Listening on 127.0.0.1:60078
1616482816729	mozrunner::runner	INFO	Running command: "C:\\Program Files\\Mozilla Firefox\\firefox.exe" "--marionette" "-foreground" "-no-remote" "-profile" "C:\\Users\\CA81~1\\AppData\\Local\\Temp\\rust_mozprofileCvqGkL"
console.warn: SearchSettings: "get: No settings file exists, new profile?" (new Error("", "(unknown module)"))
1616482818481	Marionette	INFO	Listening on port 60086
1616482818757	Marionette	WARN	TLS certificate errors will be ignored for this session
1616482818821	Marionette	INFO	Stopped listening on port 60086
JavaScript error: resource://activity-stream/lib/ASRouter.jsm, line 988: NS_ERROR_ILLEGAL_VALUE: Component returned failure code: 0x80070057 (NS_ERROR_ILLEGAL_VALUE) [nsIObserverService.removeObserver]
console.warn: services.settings: main/partitioning-exempt-urls sync interrupted by shutdown
console.error: services.settings: 
  main/message-groups Signature failed  TypeError: NetworkError when attempting to fetch resource.
console.error: services.settings: 
  main/fxmonitor-breaches Signature failed  TypeError: NetworkError when attempting to fetch resource.

###!!! [Child][RunMessage] Error: Channel closing: too late to send/recv, messages will be lost

1616482819799	geckodriver	INFO	Listening on 127.0.0.1:60113
1616482822830	mozrunner::runner	INFO	Running command: "C:\\Program Files\\Mozilla Firefox\\firefox.exe" "--marionette" "-foreground" "-no-remote" "-profile" "C:\\Users\\CA81~1\\AppData\\Local\\Temp\\rust_mozprofileJOleyD"
console.warn: SearchSettings: "get: No settings file exists, new profile?" (new Error("", "(unknown module)"))
1616482824522	Marionette	INFO	Listening on port 60121
1616482824862	Marionette	WARN	TLS certificate errors will be ignored for this session
1616482824923	Marionette	INFO	Stopped listening on port 60121
JavaScript error: resource://activity-stream/lib/ASRouter.jsm, line 988: NS_ERROR_ILLEGAL_VALUE: Component returned failure code: 0x80070057 (NS_ERROR_ILLEGAL_VALUE) [nsIObserverService.removeObserver]
console.error: services.settings: 
  main/fxmonitor-breaches Signature failed  TypeError: NetworkError when attempting to fetch resource.
console.error: services.settings: 
  main/message-groups Signature failed  TypeError: NetworkError when attempting to fetch resource.

###!!! [Child][RunMessage] Error: Channel closing: too late to send/recv, messages will be lost

1616482825429	geckodriver	INFO	Listening on 127.0.0.1:60147
1616482828472	mozrunner::runner	INFO	Running command: "C:\\Program Files\\Mozilla Firefox\\firefox.exe" "--marionette" "-foreground" "-no-remote" "-profile" "C:\\Users\\CA81~1\\AppData\\Local\\Temp\\rust_mozprofile1jn5Vc"
console.warn: SearchSettings: "get: No settings file exists, new profile?" (new Error("", "(unknown module)"))
1616482830324	Marionette	INFO	Listening on port 60155
1616482830500	Marionette	WARN	TLS certificate errors will be ignored for this session
1616482830578	Marionette	INFO	Stopped listening on port 60155
JavaScript error: resource://activity-stream/lib/ASRouter.jsm, line 988: NS_ERROR_ILLEGAL_VALUE: Component returned failure code: 0x80070057 (NS_ERROR_ILLEGAL_VALUE) [nsIObserverService.removeObserver]
console.warn: services.settings: main/partitioning-exempt-urls sync interrupted by shutdown
console.error: services.settings: 
  main/message-groups Signature failed  TypeError: NetworkError when attempting to fetch resource.
console.error: services.settings: 
  main/fxmonitor-breaches Signature failed  TypeError: NetworkError when attempting to fetch resource.
JavaScript error: , line 0: AbortError: A request was aborted, for example through a call to IDBTransaction.abort.

###!!! [Child][RunMessage] Error: Channel closing: too late to send/recv, messages will be lost

1616482832059	geckodriver	INFO	Listening on 127.0.0.1:60183
1616482835099	mozrunner::runner	INFO	Running command: "C:\\Program Files\\Mozilla Firefox\\firefox.exe" "--marionette" "-foreground" "-no-remote" "-profile" "C:\\Users\\CA81~1\\AppData\\Local\\Temp\\rust_mozprofileJiZyVp"
console.warn: SearchSettings: "get: No settings file exists, new profile?" (new Error("", "(unknown module)"))
1616482836923	Marionette	INFO	Listening on port 60191
1616482837129	Marionette	WARN	TLS certificate errors will be ignored for this session
1616482837279	Marionette	INFO	Stopped listening on port 60191
JavaScript error: resource://activity-stream/lib/ASRouter.jsm, line 988: NS_ERROR_ILLEGAL_VALUE: Component returned failure code: 0x80070057 (NS_ERROR_ILLEGAL_VALUE) [nsIObserverService.removeObserver]
console.warn: services.settings: main/partitioning-exempt-urls sync interrupted by shutdown
console.error: services.settings: 
  main/fxmonitor-breaches Signature failed  TypeError: NetworkError when attempting to fetch resource.
console.error: services.settings: 
  main/message-groups Signature failed  TypeError: NetworkError when attempting to fetch resource.

###!!! [Child][RunMessage] Error: Channel closing: too late to send/recv, messages will be lost

1616482838182	geckodriver	INFO	Listening on 127.0.0.1:60219
1616482841213	mozrunner::runner	INFO	Running command: "C:\\Program Files\\Mozilla Firefox\\firefox.exe" "--marionette" "-foreground" "-no-remote" "-profile" "C:\\Users\\CA81~1\\AppData\\Local\\Temp\\rust_mozprofileJo5pgj"
console.warn: SearchSettings: "get: No settings file exists, new profile?" (new Error("", "(unknown module)"))
1616482843150	Marionette	INFO	Listening on port 60227
1616482843240	Marionette	WARN	TLS certificate errors will be ignored for this session
1616482843306	Marionette	INFO	Stopped listening on port 60227
JavaScript error: resource://activity-stream/lib/ASRouter.jsm, line 988: NS_ERROR_ILLEGAL_VALUE: Component returned failure code: 0x80070057 (NS_ERROR_ILLEGAL_VALUE) [nsIObserverService.removeObserver]
console.error: services.settings: 
  main/message-groups Signature failed  TypeError: NetworkError when attempting to fetch resource.
console.error: services.settings: 
  main/fxmonitor-breaches Signature failed  TypeError: NetworkError when attempting to fetch resource.
console.error: Region.jsm: "Error fetching region" (new TypeError("NetworkError when attempting to fetch resource.", ""))
console.error: Region.jsm: "Failed to fetch region" (new Error("NO_RESULT", "resource://gre/modules/Region.jsm", 422))

###!!! [Child][RunMessage] Error: Channel closing: too late to send/recv, messages will be lost

1616482843807	geckodriver	INFO	Listening on 127.0.0.1:60251
1616482846850	mozrunner::runner	INFO	Running command: "C:\\Program Files\\Mozilla Firefox\\firefox.exe" "--marionette" "-foreground" "-no-remote" "-profile" "C:\\Users\\CA81~1\\AppData\\Local\\Temp\\rust_mozprofileEF691l"
console.warn: SearchSettings: "get: No settings file exists, new profile?" (new Error("", "(unknown module)"))
1616482848550	Marionette	INFO	Listening on port 60260
1616482848876	Marionette	WARN	TLS certificate errors will be ignored for this session
1616482848946	Marionette	INFO	Stopped listening on port 60260
JavaScript error: resource://activity-stream/lib/ASRouter.jsm, line 988: NS_ERROR_ILLEGAL_VALUE: Component returned failure code: 0x80070057 (NS_ERROR_ILLEGAL_VALUE) [nsIObserverService.removeObserver]
console.error: services.settings: 
  main/message-groups Signature failed  TypeError: NetworkError when attempting to fetch resource.
console.error: services.settings: 
  main/fxmonitor-breaches Signature failed  TypeError: NetworkError when attempting to fetch resource.

###!!! [Child][RunMessage] Error: Channel closing: too late to send/recv, messages will be lost

